

Version:	3.10
CmdLine:	C:\Users\computer\Documents\Idea Projects\Pixelator\target\Pixelator.exe --l4j-debug
WOW64:		yes
Working dir:	C:\Users\computer\Documents\Idea Projects\Pixelator\target\.
Java min ver:	1.6.0
Java max ver:	
64-bit search:	SOFTWARE\JavaSoft\Java Runtime Environment...
Check:		SOFTWARE\JavaSoft\Java Runtime Environment\1.8
Check launcher:	C:\Program Files\Java\jre1.8.0_171\bin\javaw.exe (OK)
Match:		1.8
Check:		SOFTWARE\JavaSoft\Java Runtime Environment\1.8.0_171
Check launcher:	C:\Program Files\Java\jre1.8.0_171\bin\javaw.exe (OK)
Match:		1.8.0_171
64-bit search:	SOFTWARE\JavaSoft\Java Development Kit...
Check:		SOFTWARE\JavaSoft\Java Development Kit\1.8
Ignore:		1.8
Check:		SOFTWARE\JavaSoft\Java Development Kit\1.8.0_144
Ignore:		1.8.0_144
64-bit search:	SOFTWARE\JavaSoft\JRE...
64-bit search:	SOFTWARE\JavaSoft\JDK...
Runtime used:	1.8.0_171 (64-bit)
Launcher:	C:\Program Files\Java\jre1.8.0_171\bin\javaw.exe
Launcher args:	-jar "C:\Users\computer\Documents\Idea Projects\Pixelator\target\Pixelator.exe"
Args length:	79/32768 chars
Exit code:	0


Version:	3.10
CmdLine:	C:\Users\computer\Documents\Idea Projects\Pixelator\target\Pixelator.exe --l4j-debug
WOW64:		yes
Working dir:	C:\Users\computer\Documents\Idea Projects\Pixelator\target\.
Java min ver:	1.6.0
Java max ver:	
64-bit search:	SOFTWARE\JavaSoft\Java Runtime Environment...
Check:		SOFTWARE\JavaSoft\Java Runtime Environment\1.8
Check launcher:	C:\Program Files\Java\jre1.8.0_171\bin\javaw.exe (OK)
Match:		1.8
Check:		SOFTWARE\JavaSoft\Java Runtime Environment\1.8.0_171
Check launcher:	C:\Program Files\Java\jre1.8.0_171\bin\javaw.exe (OK)
Match:		1.8.0_171
64-bit search:	SOFTWARE\JavaSoft\Java Development Kit...
Check:		SOFTWARE\JavaSoft\Java Development Kit\1.8
Ignore:		1.8
Check:		SOFTWARE\JavaSoft\Java Development Kit\1.8.0_144
Ignore:		1.8.0_144
64-bit search:	SOFTWARE\JavaSoft\JRE...
64-bit search:	SOFTWARE\JavaSoft\JDK...
Runtime used:	1.8.0_171 (64-bit)
Launcher:	C:\Program Files\Java\jre1.8.0_171\bin\javaw.exe
Launcher args:	-jar "C:\Users\computer\Documents\Idea Projects\Pixelator\target\Pixelator.exe"
Args length:	79/32768 chars
Exit code:	0


Version:	3.10
CmdLine:	C:\Users\computer\Documents\Idea Projects\Pixelator\target\Pixelator.exe --l4j-debug
WOW64:		yes
Working dir:	C:\Users\computer\Documents\Idea Projects\Pixelator\target\.
Java min ver:	1.6.0
Java max ver:	
64-bit search:	SOFTWARE\JavaSoft\Java Runtime Environment...
Check:		SOFTWARE\JavaSoft\Java Runtime Environment\1.8
Check launcher:	C:\Program Files\Java\jre1.8.0_171\bin\javaw.exe (OK)
Match:		1.8
Check:		SOFTWARE\JavaSoft\Java Runtime Environment\1.8.0_171
Check launcher:	C:\Program Files\Java\jre1.8.0_171\bin\javaw.exe (OK)
Match:		1.8.0_171
64-bit search:	SOFTWARE\JavaSoft\Java Development Kit...
Check:		SOFTWARE\JavaSoft\Java Development Kit\1.8
Ignore:		1.8
Check:		SOFTWARE\JavaSoft\Java Development Kit\1.8.0_144
Ignore:		1.8.0_144
64-bit search:	SOFTWARE\JavaSoft\JRE...
64-bit search:	SOFTWARE\JavaSoft\JDK...
Runtime used:	1.8.0_171 (64-bit)
Launcher:	C:\Program Files\Java\jre1.8.0_171\bin\javaw.exe
Launcher args:	-jar "C:\Users\computer\Documents\Idea Projects\Pixelator\target\Pixelator.exe"
Args length:	79/32768 chars
Exit code:	0
